<?xml version="1.0" encoding="UTF-8"?>
<!-- Generated by org.testng.reporters.JUnitXMLReporter -->
<testsuite hostname="DESKTOP-TUT8D84" name="Running Smoke suite in Chrome" tests="2" failures="0" timestamp="31 Aug 2020 01:16:49 GMT" time="27.843" errors="0">
  <testcase name="userFullNameTest" time="7.18" classname="test_signIn.VerifyUserFullName"/>
  <testcase name="registerWithNewEmailTest" time="0.002" classname="test_register.NewRegisterTest"/>
</testsuite> <!-- Running Smoke suite in Chrome -->
