<?xml version="1.0" encoding="UTF-8"?>
<!-- Generated by org.testng.reporters.JUnitXMLReporter -->
<testsuite hostname="DESKTOP-TUT8D84" name="Running Smoke suite in Chrome" tests="2" failures="0" timestamp="30 Aug 2020 22:28:10 GMT" time="28.11" errors="0">
  <testcase name="userFullNameTest" time="6.638" classname="test_signIn.VerifyUserFullName"/>
  <testcase name="registerWithNewEmailTest" time="0.001" classname="test_register.NewRegisterTest"/>
</testsuite> <!-- Running Smoke suite in Chrome -->
