<?xml version="1.0" encoding="UTF-8"?>
<!-- Generated by org.testng.reporters.JUnitXMLReporter -->
<testsuite hostname="DESKTOP-TUT8D84" name="Running Smoke suite in Chrome" tests="2" failures="0" timestamp="29 Aug 2020 05:57:17 GMT" time="30.302" errors="0">
  <testcase name="userFullNameTest" time="7.596" classname="test_signIn.VerifyUserFullName"/>
  <testcase name="registerWithNewEmailTest" time="0.005" classname="test_register.NewRegisterTest"/>
</testsuite> <!-- Running Smoke suite in Chrome -->
