<?xml version="1.0" encoding="UTF-8"?>
<testng-results skipped="0" failed="0" total="2" passed="2">
  <reporter-output>
  </reporter-output>
  <suite name="Booking.com - Smoke Test Suite" duration-ms="32678" started-at="2020-08-30T22:29:47Z" finished-at="2020-08-30T22:30:19Z">
    <groups>
    </groups>
    <test name="Running Smoke suite in Chrome" duration-ms="32678" started-at="2020-08-30T22:29:47Z" finished-at="2020-08-30T22:30:19Z">
      <class name="test_register.NewRegisterTest">
        <test-method status="PASS" signature="beforeEachTestMethod(java.lang.String)[pri:0, instance:test_register.NewRegisterTest@5d3411d]" name="beforeEachTestMethod" is-config="true" duration-ms="8580" started-at="2020-08-30T18:30:07Z" finished-at="2020-08-30T18:30:15Z">
          <params>
            <param index="0">
              <value>
                <![CDATA[CH]]>
              </value>
            </param>
          </params>
          <reporter-output>
          </reporter-output>
        </test-method> <!-- beforeEachTestMethod -->
        <test-method status="PASS" signature="registerWithNewEmailTest()[pri:0, instance:test_register.NewRegisterTest@5d3411d]" name="registerWithNewEmailTest" duration-ms="1" started-at="2020-08-30T18:30:15Z" finished-at="2020-08-30T18:30:15Z">
          <reporter-output>
          </reporter-output>
        </test-method> <!-- registerWithNewEmailTest -->
        <test-method status="PASS" signature="afterEachTestMethod()[pri:0, instance:test_register.NewRegisterTest@5d3411d]" name="afterEachTestMethod" is-config="true" duration-ms="4089" started-at="2020-08-30T18:30:15Z" finished-at="2020-08-30T18:30:19Z">
          <reporter-output>
          </reporter-output>
        </test-method> <!-- afterEachTestMethod -->
      </class> <!-- test_register.NewRegisterTest -->
      <class name="test_signIn.VerifyUserFullName">
        <test-method status="PASS" signature="startTestSuite()[pri:0, instance:test_signIn.VerifyUserFullName@67117f44]" name="startTestSuite" is-config="true" duration-ms="47" started-at="2020-08-30T18:29:47Z" finished-at="2020-08-30T18:29:47Z">
          <reporter-output>
          </reporter-output>
        </test-method> <!-- startTestSuite -->
        <test-method status="PASS" signature="beforeEachTestMethod(java.lang.String)[pri:0, instance:test_signIn.VerifyUserFullName@67117f44]" name="beforeEachTestMethod" is-config="true" duration-ms="9778" started-at="2020-08-30T18:29:47Z" finished-at="2020-08-30T18:29:56Z">
          <params>
            <param index="0">
              <value>
                <![CDATA[CH]]>
              </value>
            </param>
          </params>
          <reporter-output>
          </reporter-output>
        </test-method> <!-- beforeEachTestMethod -->
        <test-method status="PASS" signature="userFullNameTest()[pri:0, instance:test_signIn.VerifyUserFullName@67117f44]" name="userFullNameTest" duration-ms="6069" started-at="2020-08-30T18:29:56Z" finished-at="2020-08-30T18:30:02Z">
          <reporter-output>
          </reporter-output>
        </test-method> <!-- userFullNameTest -->
        <test-method status="PASS" signature="afterEachTestMethod()[pri:0, instance:test_signIn.VerifyUserFullName@67117f44]" name="afterEachTestMethod" is-config="true" duration-ms="4147" started-at="2020-08-30T18:30:02Z" finished-at="2020-08-30T18:30:07Z">
          <reporter-output>
          </reporter-output>
        </test-method> <!-- afterEachTestMethod -->
        <test-method status="PASS" signature="tearDown()[pri:0, instance:test_signIn.VerifyUserFullName@67117f44]" name="tearDown" is-config="true" duration-ms="1" started-at="2020-08-30T18:30:19Z" finished-at="2020-08-30T18:30:19Z">
          <reporter-output>
          </reporter-output>
        </test-method> <!-- tearDown -->
      </class> <!-- test_signIn.VerifyUserFullName -->
    </test> <!-- Running Smoke suite in Chrome -->
  </suite> <!-- Booking.com - Smoke Test Suite -->
</testng-results>
